2023-06-18 15:40:03,626 [myid:] - INFO  [main:QuorumPeerConfig@174] - Reading configuration from: conf/zoo_sample.cfg
2023-06-18 15:40:03,628 [myid:] - WARN  [main:VerifyingFileFactory@65] - conf/zoo_sample.cfg is relative. Prepend ./ to indicate that you're sure!
2023-06-18 15:40:03,633 [myid:] - INFO  [main:QuorumPeerConfig@460] - clientPortAddress is 0.0.0.0:2183
2023-06-18 15:40:03,634 [myid:] - INFO  [main:QuorumPeerConfig@464] - secureClientPort is not set
2023-06-18 15:40:03,634 [myid:] - INFO  [main:QuorumPeerConfig@480] - observerMasterPort is not set
2023-06-18 15:40:03,634 [myid:] - INFO  [main:QuorumPeerConfig@497] - metricsProvider.className is org.apache.zookeeper.metrics.impl.DefaultMetricsProvider
2023-06-18 15:40:03,635 [myid:] - INFO  [main:DatadirCleanupManager@78] - autopurge.snapRetainCount set to 3
2023-06-18 15:40:03,635 [myid:] - INFO  [main:DatadirCleanupManager@79] - autopurge.purgeInterval set to 0
2023-06-18 15:40:03,635 [myid:] - INFO  [main:DatadirCleanupManager@101] - Purge task is not scheduled.
2023-06-18 15:40:03,635 [myid:] - WARN  [main:QuorumPeerMain@138] - Either no config or no quorum defined in config, running in standalone mode
2023-06-18 15:40:03,637 [myid:] - INFO  [main:ManagedUtil@44] - Log4j 1.2 jmx support found and enabled.
2023-06-18 15:40:03,640 [myid:] - INFO  [main:QuorumPeerConfig@174] - Reading configuration from: conf/zoo_sample.cfg
2023-06-18 15:40:03,640 [myid:] - WARN  [main:VerifyingFileFactory@65] - conf/zoo_sample.cfg is relative. Prepend ./ to indicate that you're sure!
2023-06-18 15:40:03,641 [myid:] - INFO  [main:QuorumPeerConfig@460] - clientPortAddress is 0.0.0.0:2183
2023-06-18 15:40:03,641 [myid:] - INFO  [main:QuorumPeerConfig@464] - secureClientPort is not set
2023-06-18 15:40:03,641 [myid:] - INFO  [main:QuorumPeerConfig@480] - observerMasterPort is not set
2023-06-18 15:40:03,641 [myid:] - INFO  [main:QuorumPeerConfig@497] - metricsProvider.className is org.apache.zookeeper.metrics.impl.DefaultMetricsProvider
2023-06-18 15:40:03,641 [myid:] - INFO  [main:ZooKeeperServerMain@122] - Starting server
2023-06-18 15:40:03,647 [myid:] - INFO  [main:ServerMetrics@62] - ServerMetrics initialized with provider org.apache.zookeeper.metrics.impl.DefaultMetricsProvider@36d585c
2023-06-18 15:40:03,648 [myid:] - INFO  [main:FileTxnSnapLog@124] - zookeeper.snapshot.trust.empty : false
2023-06-18 15:40:03,653 [myid:] - INFO  [main:ZookeeperBanner@42] - 
2023-06-18 15:40:03,653 [myid:] - INFO  [main:ZookeeperBanner@42] -   ______                  _                                          
2023-06-18 15:40:03,653 [myid:] - INFO  [main:ZookeeperBanner@42] -  |___  /                 | |                                         
2023-06-18 15:40:03,653 [myid:] - INFO  [main:ZookeeperBanner@42] -     / /    ___     ___   | | __   ___    ___   _ __     ___   _ __   
2023-06-18 15:40:03,653 [myid:] - INFO  [main:ZookeeperBanner@42] -    / /    / _ \   / _ \  | |/ /  / _ \  / _ \ | '_ \   / _ \ | '__|
2023-06-18 15:40:03,653 [myid:] - INFO  [main:ZookeeperBanner@42] -   / /__  | (_) | | (_) | |   <  |  __/ |  __/ | |_) | |  __/ | |    
2023-06-18 15:40:03,653 [myid:] - INFO  [main:ZookeeperBanner@42] -  /_____|  \___/   \___/  |_|\_\  \___|  \___| | .__/   \___| |_|
2023-06-18 15:40:03,653 [myid:] - INFO  [main:ZookeeperBanner@42] -                                               | |                     
2023-06-18 15:40:03,653 [myid:] - INFO  [main:ZookeeperBanner@42] -                                               |_|                     
2023-06-18 15:40:03,653 [myid:] - INFO  [main:ZookeeperBanner@42] - 
2023-06-18 15:40:03,664 [myid:] - INFO  [main:Environment@98] - Server environment:zookeeper.version=3.6.2--803c7f1a12f85978cb049af5e4ef23bd8b688715, built on 09/04/2020 12:44 GMT
2023-06-18 15:40:03,664 [myid:] - INFO  [main:Environment@98] - Server environment:host.name=192.168.1.31
2023-06-18 15:40:03,664 [myid:] - INFO  [main:Environment@98] - Server environment:java.version=11.0.18
2023-06-18 15:40:03,664 [myid:] - INFO  [main:Environment@98] - Server environment:java.vendor=Eclipse Adoptium
2023-06-18 15:40:03,664 [myid:] - INFO  [main:Environment@98] - Server environment:java.home=/Library/Java/JavaVirtualMachines/temurin-11.jdk/Contents/Home
2023-06-18 15:40:03,664 [myid:] - INFO  [main:Environment@98] - Server environment:java.class.path=/Users/sachinm/Documents/Personal/MSc/Modules/Trem2/Concurrent and Distributed Systems/Distributed/Submit/unzip/cw-distributed/apache-zookeeper-3.6.2-bin/bin/../zookeeper-server/target/classes:/Users/sachinm/Documents/Personal/MSc/Modules/Trem2/Concurrent and Distributed Systems/Distributed/Submit/unzip/cw-distributed/apache-zookeeper-3.6.2-bin/bin/../build/classes:/Users/sachinm/Documents/Personal/MSc/Modules/Trem2/Concurrent and Distributed Systems/Distributed/Submit/unzip/cw-distributed/apache-zookeeper-3.6.2-bin/bin/../zookeeper-server/target/lib/*.jar:/Users/sachinm/Documents/Personal/MSc/Modules/Trem2/Concurrent and Distributed Systems/Distributed/Submit/unzip/cw-distributed/apache-zookeeper-3.6.2-bin/bin/../build/lib/*.jar:/Users/sachinm/Documents/Personal/MSc/Modules/Trem2/Concurrent and Distributed Systems/Distributed/Submit/unzip/cw-distributed/apache-zookeeper-3.6.2-bin/bin/../lib/zookeeper-prometheus-metrics-3.6.2.jar:/Users/sachinm/Documents/Personal/MSc/Modules/Trem2/Concurrent and Distributed Systems/Distributed/Submit/unzip/cw-distributed/apache-zookeeper-3.6.2-bin/bin/../lib/zookeeper-jute-3.6.2.jar:/Users/sachinm/Documents/Personal/MSc/Modules/Trem2/Concurrent and Distributed Systems/Distributed/Submit/unzip/cw-distributed/apache-zookeeper-3.6.2-bin/bin/../lib/zookeeper-3.6.2.jar:/Users/sachinm/Documents/Personal/MSc/Modules/Trem2/Concurrent and Distributed Systems/Distributed/Submit/unzip/cw-distributed/apache-zookeeper-3.6.2-bin/bin/../lib/snappy-java-1.1.7.jar:/Users/sachinm/Documents/Personal/MSc/Modules/Trem2/Concurrent and Distributed Systems/Distributed/Submit/unzip/cw-distributed/apache-zookeeper-3.6.2-bin/bin/../lib/slf4j-log4j12-1.7.25.jar:/Users/sachinm/Documents/Personal/MSc/Modules/Trem2/Concurrent and Distributed Systems/Distributed/Submit/unzip/cw-distributed/apache-zookeeper-3.6.2-bin/bin/../lib/slf4j-api-1.7.25.jar:/Users/sachinm/Documents/Personal/MSc/Modules/Trem2/Concurrent and Distributed Systems/Distributed/Submit/unzip/cw-distributed/apache-zookeeper-3.6.2-bin/bin/../lib/simpleclient_servlet-0.6.0.jar:/Users/sachinm/Documents/Personal/MSc/Modules/Trem2/Concurrent and Distributed Systems/Distributed/Submit/unzip/cw-distributed/apache-zookeeper-3.6.2-bin/bin/../lib/simpleclient_hotspot-0.6.0.jar:/Users/sachinm/Documents/Personal/MSc/Modules/Trem2/Concurrent and Distributed Systems/Distributed/Submit/unzip/cw-distributed/apache-zookeeper-3.6.2-bin/bin/../lib/simpleclient_common-0.6.0.jar:/Users/sachinm/Documents/Personal/MSc/Modules/Trem2/Concurrent and Distributed Systems/Distributed/Submit/unzip/cw-distributed/apache-zookeeper-3.6.2-bin/bin/../lib/simpleclient-0.6.0.jar:/Users/sachinm/Documents/Personal/MSc/Modules/Trem2/Concurrent and Distributed Systems/Distributed/Submit/unzip/cw-distributed/apache-zookeeper-3.6.2-bin/bin/../lib/netty-transport-native-unix-common-4.1.50.Final.jar:/Users/sachinm/Documents/Personal/MSc/Modules/Trem2/Concurrent and Distributed Systems/Distributed/Submit/unzip/cw-distributed/apache-zookeeper-3.6.2-bin/bin/../lib/netty-transport-native-epoll-4.1.50.Final.jar:/Users/sachinm/Documents/Personal/MSc/Modules/Trem2/Concurrent and Distributed Systems/Distributed/Submit/unzip/cw-distributed/apache-zookeeper-3.6.2-bin/bin/../lib/netty-transport-4.1.50.Final.jar:/Users/sachinm/Documents/Personal/MSc/Modules/Trem2/Concurrent and Distributed Systems/Distributed/Submit/unzip/cw-distributed/apache-zookeeper-3.6.2-bin/bin/../lib/netty-resolver-4.1.50.Final.jar:/Users/sachinm/Documents/Personal/MSc/Modules/Trem2/Concurrent and Distributed Systems/Distributed/Submit/unzip/cw-distributed/apache-zookeeper-3.6.2-bin/bin/../lib/netty-handler-4.1.50.Final.jar:/Users/sachinm/Documents/Personal/MSc/Modules/Trem2/Concurrent and Distributed Systems/Distributed/Submit/unzip/cw-distributed/apache-zookeeper-3.6.2-bin/bin/../lib/netty-common-4.1.50.Final.jar:/Users/sachinm/Documents/Personal/MSc/Modules/Trem2/Concurrent and Distributed Systems/Distributed/Submit/unzip/cw-distributed/apache-zookeeper-3.6.2-bin/bin/../lib/netty-codec-4.1.50.Final.jar:/Users/sachinm/Documents/Personal/MSc/Modules/Trem2/Concurrent and Distributed Systems/Distributed/Submit/unzip/cw-distributed/apache-zookeeper-3.6.2-bin/bin/../lib/netty-buffer-4.1.50.Final.jar:/Users/sachinm/Documents/Personal/MSc/Modules/Trem2/Concurrent and Distributed Systems/Distributed/Submit/unzip/cw-distributed/apache-zookeeper-3.6.2-bin/bin/../lib/metrics-core-3.2.5.jar:/Users/sachinm/Documents/Personal/MSc/Modules/Trem2/Concurrent and Distributed Systems/Distributed/Submit/unzip/cw-distributed/apache-zookeeper-3.6.2-bin/bin/../lib/log4j-1.2.17.jar:/Users/sachinm/Documents/Personal/MSc/Modules/Trem2/Concurrent and Distributed Systems/Distributed/Submit/unzip/cw-distributed/apache-zookeeper-3.6.2-bin/bin/../lib/json-simple-1.1.1.jar:/Users/sachinm/Documents/Personal/MSc/Modules/Trem2/Concurrent and Distributed Systems/Distributed/Submit/unzip/cw-distributed/apache-zookeeper-3.6.2-bin/bin/../lib/jline-2.14.6.jar:/Users/sachinm/Documents/Personal/MSc/Modules/Trem2/Concurrent and Distributed Systems/Distributed/Submit/unzip/cw-distributed/apache-zookeeper-3.6.2-bin/bin/../lib/jetty-util-9.4.24.v20191120.jar:/Users/sachinm/Documents/Personal/MSc/Modules/Trem2/Concurrent and Distributed Systems/Distributed/Submit/unzip/cw-distributed/apache-zookeeper-3.6.2-bin/bin/../lib/jetty-servlet-9.4.24.v20191120.jar:/Users/sachinm/Documents/Personal/MSc/Modules/Trem2/Concurrent and Distributed Systems/Distributed/Submit/unzip/cw-distributed/apache-zookeeper-3.6.2-bin/bin/../lib/jetty-server-9.4.24.v20191120.jar:/Users/sachinm/Documents/Personal/MSc/Modules/Trem2/Concurrent and Distributed Systems/Distributed/Submit/unzip/cw-distributed/apache-zookeeper-3.6.2-bin/bin/../lib/jetty-security-9.4.24.v20191120.jar:/Users/sachinm/Documents/Personal/MSc/Modules/Trem2/Concurrent and Distributed Systems/Distributed/Submit/unzip/cw-distributed/apache-zookeeper-3.6.2-bin/bin/../lib/jetty-io-9.4.24.v20191120.jar:/Users/sachinm/Documents/Personal/MSc/Modules/Trem2/Concurrent and Distributed Systems/Distributed/Submit/unzip/cw-distributed/apache-zookeeper-3.6.2-bin/bin/../lib/jetty-http-9.4.24.v20191120.jar:/Users/sachinm/Documents/Personal/MSc/Modules/Trem2/Concurrent and Distributed Systems/Distributed/Submit/unzip/cw-distributed/apache-zookeeper-3.6.2-bin/bin/../lib/javax.servlet-api-3.1.0.jar:/Users/sachinm/Documents/Personal/MSc/Modules/Trem2/Concurrent and Distributed Systems/Distributed/Submit/unzip/cw-distributed/apache-zookeeper-3.6.2-bin/bin/../lib/jackson-databind-2.10.3.jar:/Users/sachinm/Documents/Personal/MSc/Modules/Trem2/Concurrent and Distributed Systems/Distributed/Submit/unzip/cw-distributed/apache-zookeeper-3.6.2-bin/bin/../lib/jackson-core-2.10.3.jar:/Users/sachinm/Documents/Personal/MSc/Modules/Trem2/Concurrent and Distributed Systems/Distributed/Submit/unzip/cw-distributed/apache-zookeeper-3.6.2-bin/bin/../lib/jackson-annotations-2.10.3.jar:/Users/sachinm/Documents/Personal/MSc/Modules/Trem2/Concurrent and Distributed Systems/Distributed/Submit/unzip/cw-distributed/apache-zookeeper-3.6.2-bin/bin/../lib/commons-lang-2.6.jar:/Users/sachinm/Documents/Personal/MSc/Modules/Trem2/Concurrent and Distributed Systems/Distributed/Submit/unzip/cw-distributed/apache-zookeeper-3.6.2-bin/bin/../lib/commons-cli-1.2.jar:/Users/sachinm/Documents/Personal/MSc/Modules/Trem2/Concurrent and Distributed Systems/Distributed/Submit/unzip/cw-distributed/apache-zookeeper-3.6.2-bin/bin/../lib/audience-annotations-0.5.0.jar:/Users/sachinm/Documents/Personal/MSc/Modules/Trem2/Concurrent and Distributed Systems/Distributed/Submit/unzip/cw-distributed/apache-zookeeper-3.6.2-bin/bin/../zookeeper-*.jar:/Users/sachinm/Documents/Personal/MSc/Modules/Trem2/Concurrent and Distributed Systems/Distributed/Submit/unzip/cw-distributed/apache-zookeeper-3.6.2-bin/bin/../zookeeper-server/src/main/resources/lib/*.jar:/Users/sachinm/Documents/Personal/MSc/Modules/Trem2/Concurrent and Distributed Systems/Distributed/Submit/unzip/cw-distributed/apache-zookeeper-3.6.2-bin/bin/../conf:
2023-06-18 15:40:03,664 [myid:] - INFO  [main:Environment@98] - Server environment:java.library.path=/Users/sachinm/Library/Java/Extensions:/Library/Java/Extensions:/Network/Library/Java/Extensions:/System/Library/Java/Extensions:/usr/lib/java:.
2023-06-18 15:40:03,664 [myid:] - INFO  [main:Environment@98] - Server environment:java.io.tmpdir=/var/folders/sz/0c603xb124b4p0bhc83ftpv00000gn/T/
2023-06-18 15:40:03,664 [myid:] - INFO  [main:Environment@98] - Server environment:java.compiler=<NA>
2023-06-18 15:40:03,664 [myid:] - INFO  [main:Environment@98] - Server environment:os.name=Mac OS X
2023-06-18 15:40:03,664 [myid:] - INFO  [main:Environment@98] - Server environment:os.arch=aarch64
2023-06-18 15:40:03,664 [myid:] - INFO  [main:Environment@98] - Server environment:os.version=13.2.1
2023-06-18 15:40:03,664 [myid:] - INFO  [main:Environment@98] - Server environment:user.name=sachinm
2023-06-18 15:40:03,664 [myid:] - INFO  [main:Environment@98] - Server environment:user.home=/Users/sachinm
2023-06-18 15:40:03,664 [myid:] - INFO  [main:Environment@98] - Server environment:user.dir=/Users/sachinm/Documents/Personal/MSc/Modules/Trem2/Concurrent and Distributed Systems/Distributed/Submit/unzip/cw-distributed/apache-zookeeper-3.6.2-bin
2023-06-18 15:40:03,664 [myid:] - INFO  [main:Environment@98] - Server environment:os.memory.free=239MB
2023-06-18 15:40:03,664 [myid:] - INFO  [main:Environment@98] - Server environment:os.memory.max=1000MB
2023-06-18 15:40:03,664 [myid:] - INFO  [main:Environment@98] - Server environment:os.memory.total=256MB
2023-06-18 15:40:03,664 [myid:] - INFO  [main:ZooKeeperServer@129] - zookeeper.enableEagerACLCheck = false
2023-06-18 15:40:03,664 [myid:] - INFO  [main:ZooKeeperServer@137] - zookeeper.digest.enabled = true
2023-06-18 15:40:03,664 [myid:] - INFO  [main:ZooKeeperServer@141] - zookeeper.closeSessionTxn.enabled = true
2023-06-18 15:40:03,664 [myid:] - INFO  [main:ZooKeeperServer@1444] - zookeeper.flushDelay=0
2023-06-18 15:40:03,664 [myid:] - INFO  [main:ZooKeeperServer@1453] - zookeeper.maxWriteQueuePollTime=0
2023-06-18 15:40:03,664 [myid:] - INFO  [main:ZooKeeperServer@1462] - zookeeper.maxBatchSize=1000
2023-06-18 15:40:03,665 [myid:] - INFO  [main:ZooKeeperServer@243] - zookeeper.intBufferStartingSizeBytes = 1024
2023-06-18 15:40:03,665 [myid:] - INFO  [main:BlueThrottle@141] - Weighed connection throttling is disabled
2023-06-18 15:40:03,665 [myid:] - INFO  [main:ZooKeeperServer@1256] - minSessionTimeout set to 4000
2023-06-18 15:40:03,665 [myid:] - INFO  [main:ZooKeeperServer@1265] - maxSessionTimeout set to 40000
2023-06-18 15:40:03,666 [myid:] - INFO  [main:ResponseCache@45] - Response cache size is initialized with value 400.
2023-06-18 15:40:03,666 [myid:] - INFO  [main:ResponseCache@45] - Response cache size is initialized with value 400.
2023-06-18 15:40:03,667 [myid:] - INFO  [main:RequestPathMetricsCollector@111] - zookeeper.pathStats.slotCapacity = 60
2023-06-18 15:40:03,667 [myid:] - INFO  [main:RequestPathMetricsCollector@112] - zookeeper.pathStats.slotDuration = 15
2023-06-18 15:40:03,667 [myid:] - INFO  [main:RequestPathMetricsCollector@113] - zookeeper.pathStats.maxDepth = 6
2023-06-18 15:40:03,667 [myid:] - INFO  [main:RequestPathMetricsCollector@114] - zookeeper.pathStats.initialDelay = 5
2023-06-18 15:40:03,667 [myid:] - INFO  [main:RequestPathMetricsCollector@115] - zookeeper.pathStats.delay = 5
2023-06-18 15:40:03,667 [myid:] - INFO  [main:RequestPathMetricsCollector@116] - zookeeper.pathStats.enabled = false
2023-06-18 15:40:03,668 [myid:] - INFO  [main:ZooKeeperServer@1481] - The max bytes for all large requests are set to 104857600
2023-06-18 15:40:03,668 [myid:] - INFO  [main:ZooKeeperServer@1495] - The large request threshold is set to -1
2023-06-18 15:40:03,668 [myid:] - INFO  [main:ZooKeeperServer@339] - Created server with tickTime 2000 minSessionTimeout 4000 maxSessionTimeout 40000 clientPortListenBacklog -1 datadir /tmp/zookeeper3/version-2 snapdir /tmp/zookeeper3/version-2
2023-06-18 15:40:03,681 [myid:] - INFO  [main:Log@169] - Logging initialized @400ms to org.eclipse.jetty.util.log.Slf4jLog
2023-06-18 15:40:03,715 [myid:] - WARN  [main:ContextHandler@1520] - o.e.j.s.ServletContextHandler@333d4a8c{/,null,UNAVAILABLE} contextPath ends with /*
2023-06-18 15:40:03,715 [myid:] - WARN  [main:ContextHandler@1531] - Empty contextPath
2023-06-18 15:40:03,724 [myid:] - INFO  [main:Server@359] - jetty-9.4.24.v20191120; built: 2019-11-20T21:37:49.771Z; git: 363d5f2df3a8a28de40604320230664b9c793c16; jvm 11.0.18+10
2023-06-18 15:40:03,746 [myid:] - INFO  [main:DefaultSessionIdManager@333] - DefaultSessionIdManager workerName=node0
2023-06-18 15:40:03,746 [myid:] - INFO  [main:DefaultSessionIdManager@338] - No SessionScavenger set, using defaults
2023-06-18 15:40:03,746 [myid:] - INFO  [main:HouseKeeper@140] - node0 Scavenging every 660000ms
2023-06-18 15:40:03,748 [myid:] - WARN  [main:ConstraintSecurityHandler@757] - ServletContext@o.e.j.s.ServletContextHandler@333d4a8c{/,null,STARTING} has uncovered http methods for path: /*
2023-06-18 15:40:03,750 [myid:] - INFO  [main:ContextHandler@825] - Started o.e.j.s.ServletContextHandler@333d4a8c{/,null,AVAILABLE}
2023-06-18 15:40:03,758 [myid:] - INFO  [main:AbstractConnector@330] - Started ServerConnector@909217e{HTTP/1.1,[http/1.1]}{0.0.0.0:8081}
2023-06-18 15:40:03,758 [myid:] - INFO  [main:Server@399] - Started @478ms
2023-06-18 15:40:03,758 [myid:] - INFO  [main:JettyAdminServer@182] - Started AdminServer on address 0.0.0.0, port 8081 and command URL /commands
2023-06-18 15:40:03,761 [myid:] - INFO  [main:ServerCnxnFactory@169] - Using org.apache.zookeeper.server.NIOServerCnxnFactory as server connection factory
2023-06-18 15:40:03,761 [myid:] - WARN  [main:ServerCnxnFactory@309] - maxCnxns is not configured, using default value 0.
2023-06-18 15:40:03,762 [myid:] - INFO  [main:NIOServerCnxnFactory@666] - Configuring NIO connection handler with 10s sessionless connection timeout, 2 selector thread(s), 16 worker threads, and 64 kB direct buffers.
2023-06-18 15:40:03,763 [myid:] - INFO  [main:NIOServerCnxnFactory@674] - binding to port 0.0.0.0/0.0.0.0:2183
2023-06-18 15:40:03,770 [myid:] - INFO  [main:WatchManagerFactory@42] - Using org.apache.zookeeper.server.watch.WatchManager as watch manager
2023-06-18 15:40:03,770 [myid:] - INFO  [main:WatchManagerFactory@42] - Using org.apache.zookeeper.server.watch.WatchManager as watch manager
2023-06-18 15:40:03,770 [myid:] - INFO  [main:ZKDatabase@132] - zookeeper.snapshotSizeFactor = 0.33
2023-06-18 15:40:03,770 [myid:] - INFO  [main:ZKDatabase@152] - zookeeper.commitLogCount=500
2023-06-18 15:40:03,773 [myid:] - INFO  [main:SnapStream@61] - zookeeper.snapshot.compression.method = CHECKED
2023-06-18 15:40:03,773 [myid:] - INFO  [main:FileTxnSnapLog@470] - Snapshotting: 0x0 to /tmp/zookeeper3/version-2/snapshot.0
2023-06-18 15:40:03,775 [myid:] - INFO  [main:ZKDatabase@289] - Snapshot loaded in 4 ms, highest zxid is 0x0, digest is 1371985504
2023-06-18 15:40:03,775 [myid:] - INFO  [main:FileTxnSnapLog@470] - Snapshotting: 0x0 to /tmp/zookeeper3/version-2/snapshot.0
2023-06-18 15:40:03,776 [myid:] - INFO  [main:ZooKeeperServer@529] - Snapshot taken in 0 ms
2023-06-18 15:40:03,779 [myid:] - INFO  [ProcessThread(sid:0 cport:2183)::PrepRequestProcessor@136] - PrepRequestProcessor (sid:0) started, reconfigEnabled=false
2023-06-18 15:40:03,780 [myid:] - INFO  [main:RequestThrottler@74] - zookeeper.request_throttler.shutdownTimeout = 10000
2023-06-18 15:40:03,784 [myid:] - INFO  [main:ContainerManager@83] - Using checkIntervalMs=60000 maxPerMinute=10000 maxNeverUsedIntervalMs=0
2023-06-18 15:40:03,785 [myid:] - INFO  [main:ZKAuditProvider@42] - ZooKeeper audit is disabled.
2023-06-18 15:43:42,255 [myid:] - INFO  [SyncThread:0:FileTxnLog@284] - Creating new log file: log.1
2023-06-18 16:57:36,440 [myid:] - WARN  [NIOWorkerThread-16:NIOServerCnxn@364] - Unexpected exception
EndOfStreamException: Unable to read additional data from client, it probably closed the socket: address = /127.0.0.1:51273, session = 0x10000b523780008
	at org.apache.zookeeper.server.NIOServerCnxn.handleFailedRead(NIOServerCnxn.java:163)
	at org.apache.zookeeper.server.NIOServerCnxn.doIO(NIOServerCnxn.java:326)
	at org.apache.zookeeper.server.NIOServerCnxnFactory$IOWorkRequest.doWork(NIOServerCnxnFactory.java:522)
	at org.apache.zookeeper.server.WorkerService$ScheduledWorkRequest.run(WorkerService.java:154)
	at java.base/java.util.concurrent.ThreadPoolExecutor.runWorker(ThreadPoolExecutor.java:1128)
	at java.base/java.util.concurrent.ThreadPoolExecutor$Worker.run(ThreadPoolExecutor.java:628)
	at java.base/java.lang.Thread.run(Thread.java:829)
2023-06-18 16:57:36,454 [myid:] - WARN  [NIOWorkerThread-7:NIOServerCnxn@364] - Unexpected exception
EndOfStreamException: Unable to read additional data from client, it probably closed the socket: address = /0:0:0:0:0:0:0:1:51285, session = 0x10000b52378000e
	at org.apache.zookeeper.server.NIOServerCnxn.handleFailedRead(NIOServerCnxn.java:163)
	at org.apache.zookeeper.server.NIOServerCnxn.doIO(NIOServerCnxn.java:326)
	at org.apache.zookeeper.server.NIOServerCnxnFactory$IOWorkRequest.doWork(NIOServerCnxnFactory.java:522)
	at org.apache.zookeeper.server.WorkerService$ScheduledWorkRequest.run(WorkerService.java:154)
	at java.base/java.util.concurrent.ThreadPoolExecutor.runWorker(ThreadPoolExecutor.java:1128)
	at java.base/java.util.concurrent.ThreadPoolExecutor$Worker.run(ThreadPoolExecutor.java:628)
	at java.base/java.lang.Thread.run(Thread.java:829)
2023-06-18 16:57:36,454 [myid:] - WARN  [NIOWorkerThread-4:NIOServerCnxn@364] - Unexpected exception
EndOfStreamException: Unable to read additional data from client, it probably closed the socket: address = /0:0:0:0:0:0:0:1:51301, session = 0x10000b523780016
	at org.apache.zookeeper.server.NIOServerCnxn.handleFailedRead(NIOServerCnxn.java:163)
	at org.apache.zookeeper.server.NIOServerCnxn.doIO(NIOServerCnxn.java:326)
	at org.apache.zookeeper.server.NIOServerCnxnFactory$IOWorkRequest.doWork(NIOServerCnxnFactory.java:522)
	at org.apache.zookeeper.server.WorkerService$ScheduledWorkRequest.run(WorkerService.java:154)
	at java.base/java.util.concurrent.ThreadPoolExecutor.runWorker(ThreadPoolExecutor.java:1128)
	at java.base/java.util.concurrent.ThreadPoolExecutor$Worker.run(ThreadPoolExecutor.java:628)
	at java.base/java.lang.Thread.run(Thread.java:829)
2023-06-18 16:57:36,454 [myid:] - WARN  [NIOWorkerThread-10:NIOServerCnxn@364] - Unexpected exception
EndOfStreamException: Unable to read additional data from client, it probably closed the socket: address = /127.0.0.1:51297, session = 0x10000b523780014
	at org.apache.zookeeper.server.NIOServerCnxn.handleFailedRead(NIOServerCnxn.java:163)
	at org.apache.zookeeper.server.NIOServerCnxn.doIO(NIOServerCnxn.java:326)
	at org.apache.zookeeper.server.NIOServerCnxnFactory$IOWorkRequest.doWork(NIOServerCnxnFactory.java:522)
	at org.apache.zookeeper.server.WorkerService$ScheduledWorkRequest.run(WorkerService.java:154)
	at java.base/java.util.concurrent.ThreadPoolExecutor.runWorker(ThreadPoolExecutor.java:1128)
	at java.base/java.util.concurrent.ThreadPoolExecutor$Worker.run(ThreadPoolExecutor.java:628)
	at java.base/java.lang.Thread.run(Thread.java:829)
2023-06-18 16:57:36,454 [myid:] - WARN  [NIOWorkerThread-1:NIOServerCnxn@364] - Unexpected exception
EndOfStreamException: Unable to read additional data from client, it probably closed the socket: address = /127.0.0.1:51293, session = 0x10000b523780012
	at org.apache.zookeeper.server.NIOServerCnxn.handleFailedRead(NIOServerCnxn.java:163)
	at org.apache.zookeeper.server.NIOServerCnxn.doIO(NIOServerCnxn.java:326)
	at org.apache.zookeeper.server.NIOServerCnxnFactory$IOWorkRequest.doWork(NIOServerCnxnFactory.java:522)
	at org.apache.zookeeper.server.WorkerService$ScheduledWorkRequest.run(WorkerService.java:154)
	at java.base/java.util.concurrent.ThreadPoolExecutor.runWorker(ThreadPoolExecutor.java:1128)
	at java.base/java.util.concurrent.ThreadPoolExecutor$Worker.run(ThreadPoolExecutor.java:628)
	at java.base/java.lang.Thread.run(Thread.java:829)
2023-06-18 16:57:36,454 [myid:] - WARN  [NIOWorkerThread-9:NIOServerCnxn@364] - Unexpected exception
EndOfStreamException: Unable to read additional data from client, it probably closed the socket: address = /127.0.0.1:51158, session = 0x10000b523780000
	at org.apache.zookeeper.server.NIOServerCnxn.handleFailedRead(NIOServerCnxn.java:163)
	at org.apache.zookeeper.server.NIOServerCnxn.doIO(NIOServerCnxn.java:326)
	at org.apache.zookeeper.server.NIOServerCnxnFactory$IOWorkRequest.doWork(NIOServerCnxnFactory.java:522)
	at org.apache.zookeeper.server.WorkerService$ScheduledWorkRequest.run(WorkerService.java:154)
	at java.base/java.util.concurrent.ThreadPoolExecutor.runWorker(ThreadPoolExecutor.java:1128)
	at java.base/java.util.concurrent.ThreadPoolExecutor$Worker.run(ThreadPoolExecutor.java:628)
	at java.base/java.lang.Thread.run(Thread.java:829)
2023-06-18 16:57:36,454 [myid:] - WARN  [NIOWorkerThread-13:NIOServerCnxn@364] - Unexpected exception
EndOfStreamException: Unable to read additional data from client, it probably closed the socket: address = /127.0.0.1:51289, session = 0x10000b523780010
	at org.apache.zookeeper.server.NIOServerCnxn.handleFailedRead(NIOServerCnxn.java:163)
	at org.apache.zookeeper.server.NIOServerCnxn.doIO(NIOServerCnxn.java:326)
	at org.apache.zookeeper.server.NIOServerCnxnFactory$IOWorkRequest.doWork(NIOServerCnxnFactory.java:522)
	at org.apache.zookeeper.server.WorkerService$ScheduledWorkRequest.run(WorkerService.java:154)
	at java.base/java.util.concurrent.ThreadPoolExecutor.runWorker(ThreadPoolExecutor.java:1128)
	at java.base/java.util.concurrent.ThreadPoolExecutor$Worker.run(ThreadPoolExecutor.java:628)
	at java.base/java.lang.Thread.run(Thread.java:829)
2023-06-18 16:57:36,456 [myid:] - WARN  [NIOWorkerThread-9:NIOServerCnxn@364] - Unexpected exception
EndOfStreamException: Unable to read additional data from client, it probably closed the socket: address = /0:0:0:0:0:0:0:1:51291, session = 0x10000b523780011
	at org.apache.zookeeper.server.NIOServerCnxn.handleFailedRead(NIOServerCnxn.java:163)
	at org.apache.zookeeper.server.NIOServerCnxn.doIO(NIOServerCnxn.java:326)
	at org.apache.zookeeper.server.NIOServerCnxnFactory$IOWorkRequest.doWork(NIOServerCnxnFactory.java:522)
	at org.apache.zookeeper.server.WorkerService$ScheduledWorkRequest.run(WorkerService.java:154)
	at java.base/java.util.concurrent.ThreadPoolExecutor.runWorker(ThreadPoolExecutor.java:1128)
	at java.base/java.util.concurrent.ThreadPoolExecutor$Worker.run(ThreadPoolExecutor.java:628)
	at java.base/java.lang.Thread.run(Thread.java:829)
2023-06-18 16:57:36,454 [myid:] - WARN  [NIOWorkerThread-8:NIOServerCnxn@364] - Unexpected exception
EndOfStreamException: Unable to read additional data from client, it probably closed the socket: address = /127.0.0.1:51281, session = 0x10000b52378000c
	at org.apache.zookeeper.server.NIOServerCnxn.handleFailedRead(NIOServerCnxn.java:163)
	at org.apache.zookeeper.server.NIOServerCnxn.doIO(NIOServerCnxn.java:326)
	at org.apache.zookeeper.server.NIOServerCnxnFactory$IOWorkRequest.doWork(NIOServerCnxnFactory.java:522)
	at org.apache.zookeeper.server.WorkerService$ScheduledWorkRequest.run(WorkerService.java:154)
	at java.base/java.util.concurrent.ThreadPoolExecutor.runWorker(ThreadPoolExecutor.java:1128)
	at java.base/java.util.concurrent.ThreadPoolExecutor$Worker.run(ThreadPoolExecutor.java:628)
	at java.base/java.lang.Thread.run(Thread.java:829)
2023-06-18 16:57:36,454 [myid:] - WARN  [NIOWorkerThread-14:NIOServerCnxn@364] - Unexpected exception
EndOfStreamException: Unable to read additional data from client, it probably closed the socket: address = /0:0:0:0:0:0:0:1:51269, session = 0x10000b523780006
	at org.apache.zookeeper.server.NIOServerCnxn.handleFailedRead(NIOServerCnxn.java:163)
	at org.apache.zookeeper.server.NIOServerCnxn.doIO(NIOServerCnxn.java:326)
	at org.apache.zookeeper.server.NIOServerCnxnFactory$IOWorkRequest.doWork(NIOServerCnxnFactory.java:522)
	at org.apache.zookeeper.server.WorkerService$ScheduledWorkRequest.run(WorkerService.java:154)
	at java.base/java.util.concurrent.ThreadPoolExecutor.runWorker(ThreadPoolExecutor.java:1128)
	at java.base/java.util.concurrent.ThreadPoolExecutor$Worker.run(ThreadPoolExecutor.java:628)
	at java.base/java.lang.Thread.run(Thread.java:829)
2023-06-18 16:57:36,453 [myid:] - WARN  [NIOWorkerThread-6:NIOServerCnxn@364] - Unexpected exception
EndOfStreamException: Unable to read additional data from client, it probably closed the socket: address = /0:0:0:0:0:0:0:1:51265, session = 0x10000b523780004
	at org.apache.zookeeper.server.NIOServerCnxn.handleFailedRead(NIOServerCnxn.java:163)
	at org.apache.zookeeper.server.NIOServerCnxn.doIO(NIOServerCnxn.java:326)
	at org.apache.zookeeper.server.NIOServerCnxnFactory$IOWorkRequest.doWork(NIOServerCnxnFactory.java:522)
	at org.apache.zookeeper.server.WorkerService$ScheduledWorkRequest.run(WorkerService.java:154)
	at java.base/java.util.concurrent.ThreadPoolExecutor.runWorker(ThreadPoolExecutor.java:1128)
	at java.base/java.util.concurrent.ThreadPoolExecutor$Worker.run(ThreadPoolExecutor.java:628)
	at java.base/java.lang.Thread.run(Thread.java:829)
2023-06-18 16:57:36,453 [myid:] - WARN  [NIOWorkerThread-3:NIOServerCnxn@364] - Unexpected exception
EndOfStreamException: Unable to read additional data from client, it probably closed the socket: address = /0:0:0:0:0:0:0:1:51176, session = 0x10000b523780002
	at org.apache.zookeeper.server.NIOServerCnxn.handleFailedRead(NIOServerCnxn.java:163)
	at org.apache.zookeeper.server.NIOServerCnxn.doIO(NIOServerCnxn.java:326)
	at org.apache.zookeeper.server.NIOServerCnxnFactory$IOWorkRequest.doWork(NIOServerCnxnFactory.java:522)
	at org.apache.zookeeper.server.WorkerService$ScheduledWorkRequest.run(WorkerService.java:154)
	at java.base/java.util.concurrent.ThreadPoolExecutor.runWorker(ThreadPoolExecutor.java:1128)
	at java.base/java.util.concurrent.ThreadPoolExecutor$Worker.run(ThreadPoolExecutor.java:628)
	at java.base/java.lang.Thread.run(Thread.java:829)
2023-06-18 16:57:36,451 [myid:] - WARN  [NIOWorkerThread-11:NIOServerCnxn@364] - Unexpected exception
EndOfStreamException: Unable to read additional data from client, it probably closed the socket: address = /0:0:0:0:0:0:0:1:51277, session = 0x10000b52378000a
	at org.apache.zookeeper.server.NIOServerCnxn.handleFailedRead(NIOServerCnxn.java:163)
	at org.apache.zookeeper.server.NIOServerCnxn.doIO(NIOServerCnxn.java:326)
	at org.apache.zookeeper.server.NIOServerCnxnFactory$IOWorkRequest.doWork(NIOServerCnxnFactory.java:522)
	at org.apache.zookeeper.server.WorkerService$ScheduledWorkRequest.run(WorkerService.java:154)
	at java.base/java.util.concurrent.ThreadPoolExecutor.runWorker(ThreadPoolExecutor.java:1128)
	at java.base/java.util.concurrent.ThreadPoolExecutor$Worker.run(ThreadPoolExecutor.java:628)
	at java.base/java.lang.Thread.run(Thread.java:829)
2023-06-18 16:57:36,443 [myid:] - WARN  [NIOWorkerThread-5:NIOServerCnxn@364] - Unexpected exception
EndOfStreamException: Unable to read additional data from client, it probably closed the socket: address = /0:0:0:0:0:0:0:1:51275, session = 0x10000b523780009
	at org.apache.zookeeper.server.NIOServerCnxn.handleFailedRead(NIOServerCnxn.java:163)
	at org.apache.zookeeper.server.NIOServerCnxn.doIO(NIOServerCnxn.java:326)
	at org.apache.zookeeper.server.NIOServerCnxnFactory$IOWorkRequest.doWork(NIOServerCnxnFactory.java:522)
	at org.apache.zookeeper.server.WorkerService$ScheduledWorkRequest.run(WorkerService.java:154)
	at java.base/java.util.concurrent.ThreadPoolExecutor.runWorker(ThreadPoolExecutor.java:1128)
	at java.base/java.util.concurrent.ThreadPoolExecutor$Worker.run(ThreadPoolExecutor.java:628)
	at java.base/java.lang.Thread.run(Thread.java:829)
2023-06-18 16:57:36,450 [myid:] - WARN  [NIOWorkerThread-12:NIOServerCnxn@364] - Unexpected exception
EndOfStreamException: Unable to read additional data from client, it probably closed the socket: address = /0:0:0:0:0:0:0:1:51162, session = 0x10000b523780001
	at org.apache.zookeeper.server.NIOServerCnxn.handleFailedRead(NIOServerCnxn.java:163)
	at org.apache.zookeeper.server.NIOServerCnxn.doIO(NIOServerCnxn.java:326)
	at org.apache.zookeeper.server.NIOServerCnxnFactory$IOWorkRequest.doWork(NIOServerCnxnFactory.java:522)
	at org.apache.zookeeper.server.WorkerService$ScheduledWorkRequest.run(WorkerService.java:154)
	at java.base/java.util.concurrent.ThreadPoolExecutor.runWorker(ThreadPoolExecutor.java:1128)
	at java.base/java.util.concurrent.ThreadPoolExecutor$Worker.run(ThreadPoolExecutor.java:628)
	at java.base/java.lang.Thread.run(Thread.java:829)
2023-06-18 16:57:36,440 [myid:] - WARN  [NIOWorkerThread-15:NIOServerCnxn@364] - Unexpected exception
EndOfStreamException: Unable to read additional data from client, it probably closed the socket: address = /127.0.0.1:51283, session = 0x10000b52378000d
	at org.apache.zookeeper.server.NIOServerCnxn.handleFailedRead(NIOServerCnxn.java:163)
	at org.apache.zookeeper.server.NIOServerCnxn.doIO(NIOServerCnxn.java:326)
	at org.apache.zookeeper.server.NIOServerCnxnFactory$IOWorkRequest.doWork(NIOServerCnxnFactory.java:522)
	at org.apache.zookeeper.server.WorkerService$ScheduledWorkRequest.run(WorkerService.java:154)
	at java.base/java.util.concurrent.ThreadPoolExecutor.runWorker(ThreadPoolExecutor.java:1128)
	at java.base/java.util.concurrent.ThreadPoolExecutor$Worker.run(ThreadPoolExecutor.java:628)
	at java.base/java.lang.Thread.run(Thread.java:829)
2023-06-18 16:57:36,443 [myid:] - WARN  [NIOWorkerThread-2:NIOServerCnxn@364] - Unexpected exception
EndOfStreamException: Unable to read additional data from client, it probably closed the socket: address = /127.0.0.1:51303, session = 0x10000b523780017
	at org.apache.zookeeper.server.NIOServerCnxn.handleFailedRead(NIOServerCnxn.java:163)
	at org.apache.zookeeper.server.NIOServerCnxn.doIO(NIOServerCnxn.java:326)
	at org.apache.zookeeper.server.NIOServerCnxnFactory$IOWorkRequest.doWork(NIOServerCnxnFactory.java:522)
	at org.apache.zookeeper.server.WorkerService$ScheduledWorkRequest.run(WorkerService.java:154)
	at java.base/java.util.concurrent.ThreadPoolExecutor.runWorker(ThreadPoolExecutor.java:1128)
	at java.base/java.util.concurrent.ThreadPoolExecutor$Worker.run(ThreadPoolExecutor.java:628)
	at java.base/java.lang.Thread.run(Thread.java:829)
2023-06-18 16:57:36,457 [myid:] - WARN  [NIOWorkerThread-9:NIOServerCnxn@364] - Unexpected exception
EndOfStreamException: Unable to read additional data from client, it probably closed the socket: address = /0:0:0:0:0:0:0:1:51178, session = 0x10000b523780003
	at org.apache.zookeeper.server.NIOServerCnxn.handleFailedRead(NIOServerCnxn.java:163)
	at org.apache.zookeeper.server.NIOServerCnxn.doIO(NIOServerCnxn.java:326)
	at org.apache.zookeeper.server.NIOServerCnxnFactory$IOWorkRequest.doWork(NIOServerCnxnFactory.java:522)
	at org.apache.zookeeper.server.WorkerService$ScheduledWorkRequest.run(WorkerService.java:154)
	at java.base/java.util.concurrent.ThreadPoolExecutor.runWorker(ThreadPoolExecutor.java:1128)
	at java.base/java.util.concurrent.ThreadPoolExecutor$Worker.run(ThreadPoolExecutor.java:628)
	at java.base/java.lang.Thread.run(Thread.java:829)
2023-06-18 16:57:36,457 [myid:] - WARN  [NIOWorkerThread-13:NIOServerCnxn@364] - Unexpected exception
EndOfStreamException: Unable to read additional data from client, it probably closed the socket: address = /0:0:0:0:0:0:0:1:51287, session = 0x10000b52378000f
	at org.apache.zookeeper.server.NIOServerCnxn.handleFailedRead(NIOServerCnxn.java:163)
	at org.apache.zookeeper.server.NIOServerCnxn.doIO(NIOServerCnxn.java:326)
	at org.apache.zookeeper.server.NIOServerCnxnFactory$IOWorkRequest.doWork(NIOServerCnxnFactory.java:522)
	at org.apache.zookeeper.server.WorkerService$ScheduledWorkRequest.run(WorkerService.java:154)
	at java.base/java.util.concurrent.ThreadPoolExecutor.runWorker(ThreadPoolExecutor.java:1128)
	at java.base/java.util.concurrent.ThreadPoolExecutor$Worker.run(ThreadPoolExecutor.java:628)
	at java.base/java.lang.Thread.run(Thread.java:829)
2023-06-18 16:57:36,457 [myid:] - WARN  [NIOWorkerThread-7:NIOServerCnxn@364] - Unexpected exception
EndOfStreamException: Unable to read additional data from client, it probably closed the socket: address = /127.0.0.1:51279, session = 0x10000b52378000b
	at org.apache.zookeeper.server.NIOServerCnxn.handleFailedRead(NIOServerCnxn.java:163)
	at org.apache.zookeeper.server.NIOServerCnxn.doIO(NIOServerCnxn.java:326)
	at org.apache.zookeeper.server.NIOServerCnxnFactory$IOWorkRequest.doWork(NIOServerCnxnFactory.java:522)
	at org.apache.zookeeper.server.WorkerService$ScheduledWorkRequest.run(WorkerService.java:154)
	at java.base/java.util.concurrent.ThreadPoolExecutor.runWorker(ThreadPoolExecutor.java:1128)
	at java.base/java.util.concurrent.ThreadPoolExecutor$Worker.run(ThreadPoolExecutor.java:628)
	at java.base/java.lang.Thread.run(Thread.java:829)
2023-06-18 16:57:36,456 [myid:] - WARN  [NIOWorkerThread-1:NIOServerCnxn@364] - Unexpected exception
EndOfStreamException: Unable to read additional data from client, it probably closed the socket: address = /0:0:0:0:0:0:0:1:51267, session = 0x10000b523780005
	at org.apache.zookeeper.server.NIOServerCnxn.handleFailedRead(NIOServerCnxn.java:163)
	at org.apache.zookeeper.server.NIOServerCnxn.doIO(NIOServerCnxn.java:326)
	at org.apache.zookeeper.server.NIOServerCnxnFactory$IOWorkRequest.doWork(NIOServerCnxnFactory.java:522)
	at org.apache.zookeeper.server.WorkerService$ScheduledWorkRequest.run(WorkerService.java:154)
	at java.base/java.util.concurrent.ThreadPoolExecutor.runWorker(ThreadPoolExecutor.java:1128)
	at java.base/java.util.concurrent.ThreadPoolExecutor$Worker.run(ThreadPoolExecutor.java:628)
	at java.base/java.lang.Thread.run(Thread.java:829)
2023-06-18 16:57:36,456 [myid:] - WARN  [NIOWorkerThread-16:NIOServerCnxn@364] - Unexpected exception
EndOfStreamException: Unable to read additional data from client, it probably closed the socket: address = /127.0.0.1:51295, session = 0x10000b523780013
	at org.apache.zookeeper.server.NIOServerCnxn.handleFailedRead(NIOServerCnxn.java:163)
	at org.apache.zookeeper.server.NIOServerCnxn.doIO(NIOServerCnxn.java:326)
	at org.apache.zookeeper.server.NIOServerCnxnFactory$IOWorkRequest.doWork(NIOServerCnxnFactory.java:522)
	at org.apache.zookeeper.server.WorkerService$ScheduledWorkRequest.run(WorkerService.java:154)
	at java.base/java.util.concurrent.ThreadPoolExecutor.runWorker(ThreadPoolExecutor.java:1128)
	at java.base/java.util.concurrent.ThreadPoolExecutor$Worker.run(ThreadPoolExecutor.java:628)
	at java.base/java.lang.Thread.run(Thread.java:829)
2023-06-18 16:57:36,456 [myid:] - WARN  [NIOWorkerThread-4:NIOServerCnxn@364] - Unexpected exception
EndOfStreamException: Unable to read additional data from client, it probably closed the socket: address = /127.0.0.1:51299, session = 0x10000b523780015
	at org.apache.zookeeper.server.NIOServerCnxn.handleFailedRead(NIOServerCnxn.java:163)
	at org.apache.zookeeper.server.NIOServerCnxn.doIO(NIOServerCnxn.java:326)
	at org.apache.zookeeper.server.NIOServerCnxnFactory$IOWorkRequest.doWork(NIOServerCnxnFactory.java:522)
	at org.apache.zookeeper.server.WorkerService$ScheduledWorkRequest.run(WorkerService.java:154)
	at java.base/java.util.concurrent.ThreadPoolExecutor.runWorker(ThreadPoolExecutor.java:1128)
	at java.base/java.util.concurrent.ThreadPoolExecutor$Worker.run(ThreadPoolExecutor.java:628)
	at java.base/java.lang.Thread.run(Thread.java:829)
2023-06-18 16:57:36,456 [myid:] - WARN  [NIOWorkerThread-10:NIOServerCnxn@364] - Unexpected exception
EndOfStreamException: Unable to read additional data from client, it probably closed the socket: address = /127.0.0.1:51271, session = 0x10000b523780007
	at org.apache.zookeeper.server.NIOServerCnxn.handleFailedRead(NIOServerCnxn.java:163)
	at org.apache.zookeeper.server.NIOServerCnxn.doIO(NIOServerCnxn.java:326)
	at org.apache.zookeeper.server.NIOServerCnxnFactory$IOWorkRequest.doWork(NIOServerCnxnFactory.java:522)
	at org.apache.zookeeper.server.WorkerService$ScheduledWorkRequest.run(WorkerService.java:154)
	at java.base/java.util.concurrent.ThreadPoolExecutor.runWorker(ThreadPoolExecutor.java:1128)
	at java.base/java.util.concurrent.ThreadPoolExecutor$Worker.run(ThreadPoolExecutor.java:628)
	at java.base/java.lang.Thread.run(Thread.java:829)
2023-06-18 16:57:41,302 [myid:] - INFO  [SessionTracker:ZooKeeperServer@610] - Expiring session 0x10000b523780015, timeout of 5000ms exceeded
2023-06-18 16:57:41,303 [myid:] - INFO  [SessionTracker:ZooKeeperServer@610] - Expiring session 0x10000b52378000d, timeout of 5000ms exceeded
2023-06-18 16:57:41,303 [myid:] - INFO  [SessionTracker:ZooKeeperServer@610] - Expiring session 0x10000b523780000, timeout of 5000ms exceeded
2023-06-18 16:57:41,303 [myid:] - INFO  [SessionTracker:ZooKeeperServer@610] - Expiring session 0x10000b523780016, timeout of 5000ms exceeded
2023-06-18 16:57:41,303 [myid:] - INFO  [SessionTracker:ZooKeeperServer@610] - Expiring session 0x10000b523780010, timeout of 5000ms exceeded
2023-06-18 16:57:41,304 [myid:] - INFO  [SessionTracker:ZooKeeperServer@610] - Expiring session 0x10000b523780003, timeout of 5000ms exceeded
2023-06-18 16:57:41,304 [myid:] - INFO  [SessionTracker:ZooKeeperServer@610] - Expiring session 0x10000b523780013, timeout of 5000ms exceeded
2023-06-18 16:57:41,304 [myid:] - INFO  [SessionTracker:ZooKeeperServer@610] - Expiring session 0x10000b523780005, timeout of 5000ms exceeded
2023-06-18 16:57:41,304 [myid:] - INFO  [SessionTracker:ZooKeeperServer@610] - Expiring session 0x10000b523780006, timeout of 5000ms exceeded
2023-06-18 16:57:41,304 [myid:] - INFO  [SessionTracker:ZooKeeperServer@610] - Expiring session 0x10000b523780001, timeout of 5000ms exceeded
2023-06-18 16:57:41,304 [myid:] - INFO  [SessionTracker:ZooKeeperServer@610] - Expiring session 0x10000b523780014, timeout of 5000ms exceeded
2023-06-18 16:57:41,304 [myid:] - INFO  [SessionTracker:ZooKeeperServer@610] - Expiring session 0x10000b52378000f, timeout of 5000ms exceeded
2023-06-18 16:57:41,304 [myid:] - INFO  [SessionTracker:ZooKeeperServer@610] - Expiring session 0x10000b523780008, timeout of 5000ms exceeded
2023-06-18 16:57:41,304 [myid:] - INFO  [SessionTracker:ZooKeeperServer@610] - Expiring session 0x10000b52378000e, timeout of 5000ms exceeded
2023-06-18 16:57:41,304 [myid:] - INFO  [SessionTracker:ZooKeeperServer@610] - Expiring session 0x10000b52378000a, timeout of 5000ms exceeded
2023-06-18 16:57:41,304 [myid:] - INFO  [SessionTracker:ZooKeeperServer@610] - Expiring session 0x10000b52378000c, timeout of 5000ms exceeded
2023-06-18 16:57:41,305 [myid:] - INFO  [SessionTracker:ZooKeeperServer@610] - Expiring session 0x10000b523780002, timeout of 5000ms exceeded
2023-06-18 16:57:41,305 [myid:] - INFO  [SessionTracker:ZooKeeperServer@610] - Expiring session 0x10000b523780007, timeout of 5000ms exceeded
2023-06-18 16:57:41,305 [myid:] - INFO  [SessionTracker:ZooKeeperServer@610] - Expiring session 0x10000b52378000b, timeout of 5000ms exceeded
2023-06-18 16:57:41,305 [myid:] - INFO  [SessionTracker:ZooKeeperServer@610] - Expiring session 0x10000b523780009, timeout of 5000ms exceeded
2023-06-18 16:57:41,305 [myid:] - INFO  [SessionTracker:ZooKeeperServer@610] - Expiring session 0x10000b523780011, timeout of 5000ms exceeded
2023-06-18 16:57:41,305 [myid:] - INFO  [SessionTracker:ZooKeeperServer@610] - Expiring session 0x10000b523780004, timeout of 5000ms exceeded
2023-06-18 16:57:41,305 [myid:] - INFO  [SessionTracker:ZooKeeperServer@610] - Expiring session 0x10000b523780012, timeout of 5000ms exceeded
2023-06-18 16:57:41,305 [myid:] - INFO  [SessionTracker:ZooKeeperServer@610] - Expiring session 0x10000b523780017, timeout of 5000ms exceeded
